<?xml version="1.0" encoding="UTF-8"?>
<!-- Generated by org.testng.reporters.JUnitXMLReporter -->
<testsuite ignored="1" hostname="DESKTOP-NSV2G8J" failures="0" tests="1" name="Default test" time="107.394" errors="0" timestamp="2023-01-24T18:26:38 IST">
  <testcase classname="restassured.myOwnProject1.FooterTest" name="addCart" time="49.373"/>
  <testcase classname="restassured.myOwnProject1.FooterTest" name="FooterLink" time="0.0">
    <ignored/>
  </testcase> <!-- FooterLink -->
</testsuite> <!-- Default test -->
