<?xml version="1.0" encoding="UTF-8"?>
<!-- Generated by org.testng.reporters.JUnitXMLReporter -->
<testsuite ignored="1" hostname="DESKTOP-NSV2G8J" failures="0" tests="1" name="TestB" time="232.332" errors="0" timestamp="2023-01-09T13:47:10 IST">
  <testcase classname="restassured.myOwnProject1.FooterTest" name="addCart" time="102.406"/>
  <testcase classname="restassured.myOwnProject1.FooterTest" name="FooterLink" time="0.0">
    <ignored/>
  </testcase> <!-- FooterLink -->
</testsuite> <!-- TestB -->
