<?xml version="1.0" encoding="UTF-8"?>
<!-- Generated by org.testng.reporters.JUnitXMLReporter -->
<testsuite ignored="0" hostname="DESKTOP-NSV2G8J" failures="1" tests="2" name="Command line test" time="150.52" errors="0" timestamp="2023-01-10T14:21:43 IST">
  <testcase classname="restassured.myOwnProject1.FooterTest" name="FooterLink" time="99.812"/>
  <testcase classname="restassured.myOwnProject1.FooterTest" name="addCart" time="9.861">
    <failure type="java.lang.AssertionError" message="expected [true] but found [false]">
      <![CDATA[java.lang.AssertionError: expected [true] but found [false]
at restassured.myOwnProject1.FooterTest.addCart(FooterTest.java:84)
at java.base/java.util.ArrayList.forEach(ArrayList.java:1511)
... Removed 41 stack frames]]>
    </failure>
  </testcase> <!-- addCart -->
</testsuite> <!-- Command line test -->
