<?xml version="1.0" encoding="UTF-8"?>
<!-- Generated by org.testng.reporters.JUnitXMLReporter -->
<testsuite ignored="1" hostname="DESKTOP-NSV2G8J" failures="0" tests="1" name="Test" time="133.274" errors="0" timestamp="2023-01-10T12:36:49 IST">
  <testcase classname="restassured.myOwnProject1.FooterTest" name="FooterLink" time="111.964"/>
  <testcase classname="restassured.myOwnProject1.FooterTest" name="addCart" time="0.0">
    <ignored/>
  </testcase> <!-- addCart -->
</testsuite> <!-- Test -->
