<?xml version="1.0" encoding="UTF-8" ?>
<testsuite tests="2" failures="1" name="TestSuite" time="109.725" errors="0" skipped="0">
  <properties>
[...]
</properties>
  <testcase classname="restassured.myOwnProject1.FooterTest" name="FooterLink" time="99.815"/>
  <testcase classname="restassured.myOwnProject1.FooterTest" name="addCart" time="9.91">
    <failure message="expected [true] but found [false]" type="java.lang.AssertionError">java.lang.AssertionError: expected [true] but found [false]
	at org.testng.Assert.fail(Assert.java:110)
	at org.testng.Assert.failNotEquals(Assert.java:1577)
	at org.testng.Assert.assertTrue(Assert.java:56)
	at org.testng.Assert.assertTrue(Assert.java:66)
	at restassured.myOwnProject1.FooterTest.addCart(FooterTest.java:84)
</failure>
  </testcase>
</testsuite>