<?xml version="1.0" encoding="UTF-8"?>
<testng-results ignored="1" total="2" passed="1" failed="0" skipped="0">
  <reporter-output>
  </reporter-output>
  <suite started-at="2023-01-24T18:24:48 IST" name="Default suite" finished-at="2023-01-24T18:26:36 IST" duration-ms="107394">
    <groups>
      <group name="Method2">
        <method signature="FooterTest.addCart()[pri:0, instance:restassured.myOwnProject1.FooterTest@7fa98a66]" name="addCart" class="restassured.myOwnProject1.FooterTest"/>
      </group> <!-- Method2 -->
    </groups>
    <test started-at="2023-01-24T18:24:48 IST" name="Default test" finished-at="2023-01-24T18:26:36 IST" duration-ms="107394">
      <class name="restassured.myOwnProject1.FooterTest">
        <test-method is-config="true" signature="beforeClass(java.lang.String,org.testng.ITestContext)[pri:0, instance:restassured.myOwnProject1.FooterTest@7fa98a66]" started-at="2023-01-24T18:24:48 IST" name="beforeClass" finished-at="2023-01-24T18:25:46 IST" duration-ms="57800" status="PASS">
          <params>
            <param index="0">
              <value>
                <![CDATA[chrome]]>
              </value>
            </param>
            <param index="1">
              <value>
                <![CDATA[org.testng.TestRunner@1931d99]]>
              </value>
            </param>
          </params>
          <reporter-output>
          </reporter-output>
        </test-method> <!-- beforeClass -->
        <test-method signature="addCart()[pri:0, instance:restassured.myOwnProject1.FooterTest@7fa98a66]" started-at="2023-01-24T18:25:46 IST" name="addCart" finished-at="2023-01-24T18:26:35 IST" duration-ms="49373" status="PASS">
          <reporter-output>
          </reporter-output>
        </test-method> <!-- addCart -->
      </class> <!-- restassured.myOwnProject1.FooterTest -->
    </test> <!-- Default test -->
  </suite> <!-- Default suite -->
</testng-results>
